<?xml version="1.0" encoding="UTF-8"?>
<testng-results skipped="0" failed="0" ignored="0" total="1" passed="1">
  <reporter-output>
  </reporter-output>
  <suite name="Default suite" duration-ms="9455" started-at="2017-08-08T13:23:45Z" finished-at="2017-08-08T13:23:54Z">
    <groups>
    </groups>
    <test name="Default test" duration-ms="9455" started-at="2017-08-08T13:23:45Z" finished-at="2017-08-08T13:23:54Z">
      <class name="Learn.Selenium.TestBase.TestBase">
        <test-method status="PASS" signature="init()[pri:0, instance:Learn.Selenium.TestBase.TestBase@3532ec19]" name="init" duration-ms="9441" started-at="2017-08-08T18:53:45Z" finished-at="2017-08-08T18:53:54Z">
          <reporter-output>
          </reporter-output>
        </test-method> <!-- init -->
      </class> <!-- Learn.Selenium.TestBase.TestBase -->
    </test> <!-- Default test -->
  </suite> <!-- Default suite -->
</testng-results>
